2019-03-06 09:00:40,973 WARN  [SoapUI] Missing folder [C:\JDeveloper\mywork\TestSOUPUIWSAPP\ext] for external libraries
2019-03-06 09:00:41,148 INFO  [DefaultSoapUICore] initialized soapui-settings from [C:\Users\aafifi\soapui-settings.xml]
2019-03-06 09:00:41,164 INFO  [HttpClientSupport$Helper] Initializing KeyStore
2019-03-06 09:00:41,215 ERROR [SoapUI] An error occurred [Probably bad JKS password: java.io.IOException: Keystore was tampered with, or password was incorrect], see error log for details
2019-03-06 09:00:41,216 ERROR [errorlog] org.apache.commons.ssl.ProbablyBadPasswordException: Probably bad JKS password: java.io.IOException: Keystore was tampered with, or password was incorrect
org.apache.commons.ssl.ProbablyBadPasswordException: Probably bad JKS password: java.io.IOException: Keystore was tampered with, or password was incorrect
	at org.apache.commons.ssl.KeyStoreBuilder.tryJKS(KeyStoreBuilder.java:515)
	at org.apache.commons.ssl.KeyStoreBuilder.parse(KeyStoreBuilder.java:374)
	at org.apache.commons.ssl.KeyStoreBuilder.build(KeyStoreBuilder.java:112)
	at org.apache.commons.ssl.KeyMaterial.<init>(KeyMaterial.java:179)
	at org.apache.commons.ssl.KeyMaterial.<init>(KeyMaterial.java:170)
	at org.apache.commons.ssl.KeyMaterial.<init>(KeyMaterial.java:160)
	at org.apache.commons.ssl.KeyMaterial.<init>(KeyMaterial.java:64)
	at org.apache.commons.ssl.KeyMaterial.<init>(KeyMaterial.java:114)
	at com.eviware.soapui.impl.wsdl.support.http.HttpClientSupport$Helper.initSocketFactory(HttpClientSupport.java:301)
	at com.eviware.soapui.impl.wsdl.support.http.HttpClientSupport$Helper.<init>(HttpClientSupport.java:200)
	at com.eviware.soapui.impl.wsdl.support.http.HttpClientSupport.<clinit>(HttpClientSupport.java:70)
	at com.eviware.soapui.DefaultSoapUICore.initSettings(DefaultSoapUICore.java:361)
	at com.eviware.soapui.DefaultSoapUICore.init(DefaultSoapUICore.java:129)
	at com.eviware.soapui.DefaultSoapUICore.<init>(DefaultSoapUICore.java:120)
	at com.eviware.soapui.tools.AbstractSoapUIRunner.createSoapUICore(AbstractSoapUIRunner.java:218)
	at com.eviware.soapui.tools.AbstractSoapUIRunner.run(AbstractSoapUIRunner.java:194)
	at com.eviware.soapui.maven2.TestMojo.execute(TestMojo.java:117)
	at org.apache.maven.plugin.DefaultBuildPluginManager.executeMojo(DefaultBuildPluginManager.java:137)
	at org.apache.maven.lifecycle.internal.MojoExecutor.execute(MojoExecutor.java:210)
	at org.apache.maven.lifecycle.internal.MojoExecutor.execute(MojoExecutor.java:156)
	at org.apache.maven.lifecycle.internal.MojoExecutor.execute(MojoExecutor.java:148)
	at org.apache.maven.lifecycle.internal.LifecycleModuleBuilder.buildProject(LifecycleModuleBuilder.java:117)
	at org.apache.maven.lifecycle.internal.LifecycleModuleBuilder.buildProject(LifecycleModuleBuilder.java:81)
	at org.apache.maven.lifecycle.internal.builder.singlethreaded.SingleThreadedBuilder.build(SingleThreadedBuilder.java:56)
	at org.apache.maven.lifecycle.internal.LifecycleStarter.execute(LifecycleStarter.java:128)
	at org.apache.maven.DefaultMaven.doExecute(DefaultMaven.java:305)
	at org.apache.maven.DefaultMaven.doExecute(DefaultMaven.java:192)
	at org.apache.maven.DefaultMaven.execute(DefaultMaven.java:105)
	at org.apache.maven.cli.MavenCli.execute(MavenCli.java:956)
	at org.apache.maven.cli.MavenCli.doMain(MavenCli.java:288)
	at org.apache.maven.cli.MavenCli.main(MavenCli.java:192)
	at sun.reflect.NativeMethodAccessorImpl.invoke0(Native Method)
	at sun.reflect.NativeMethodAccessorImpl.invoke(NativeMethodAccessorImpl.java:62)
	at sun.reflect.DelegatingMethodAccessorImpl.invoke(DelegatingMethodAccessorImpl.java:43)
	at java.lang.reflect.Method.invoke(Method.java:498)
	at org.codehaus.plexus.classworlds.launcher.Launcher.launchEnhanced(Launcher.java:289)
	at org.codehaus.plexus.classworlds.launcher.Launcher.launch(Launcher.java:229)
	at org.codehaus.plexus.classworlds.launcher.Launcher.mainWithExitCode(Launcher.java:415)
	at org.codehaus.plexus.classworlds.launcher.Launcher.main(Launcher.java:356)
2019-03-06 09:00:41,537 INFO  [PluginManager] 0 plugins loaded in 1 ms
2019-03-06 09:00:41,538 INFO  [DefaultSoapUICore] All plugins loaded
2019-03-06 09:00:42,054 INFO  [WsdlProject] Loaded project from [file:/C:/JDeveloper/mywork/TestSOUPUIWSAPP/OutsideContractInfoService-soapui-project.xml]
2019-03-06 09:00:42,059 INFO  [SoapUITestCaseRunner] Running SoapUI tests in project [OutsideContractInfoService]
2019-03-06 09:00:42,060 INFO  [SoapUITestCaseRunner] Running Project [OutsideContractInfoService], runType = SEQUENTIAL
2019-03-06 09:00:42,072 INFO  [SoapUITestCaseRunner] Running SoapUI testcase [contractImage]
2019-03-06 09:00:42,078 INFO  [SoapUITestCaseRunner] running step [contractImage1]
2019-03-06 09:00:53,017 INFO  [SchemaUtils] Added default schema from file:/C:/Users/aafifi/.m2/repository/com/smartbear/soapui/soapui/5.2.1/soapui-5.2.1.jar!/com/eviware/soapui/resources/xsds/xop.xsd with targetNamespace http://www.w3.org/2004/08/xop/include
2019-03-06 09:00:53,030 INFO  [SchemaUtils] Added default schema from file:/C:/Users/aafifi/.m2/repository/com/smartbear/soapui/soapui/5.2.1/soapui-5.2.1.jar!/com/eviware/soapui/resources/xsds/XMLSchema.xsd with targetNamespace http://www.w3.org/2001/XMLSchema
2019-03-06 09:00:53,031 INFO  [SchemaUtils] Added default schema from file:/C:/Users/aafifi/.m2/repository/com/smartbear/soapui/soapui/5.2.1/soapui-5.2.1.jar!/com/eviware/soapui/resources/xsds/xml.xsd with targetNamespace http://www.w3.org/XML/1998/namespace
2019-03-06 09:00:53,034 INFO  [SchemaUtils] Added default schema from file:/C:/Users/aafifi/.m2/repository/com/smartbear/soapui/soapui/5.2.1/soapui-5.2.1.jar!/com/eviware/soapui/resources/xsds/swaref.xsd with targetNamespace http://ws-i.org/profiles/basic/1.1/xsd
2019-03-06 09:00:53,035 INFO  [SchemaUtils] Added default schema from file:/C:/Users/aafifi/.m2/repository/com/smartbear/soapui/soapui/5.2.1/soapui-5.2.1.jar!/com/eviware/soapui/resources/xsds/xmime200505.xsd with targetNamespace http://www.w3.org/2005/05/xmlmime
2019-03-06 09:00:53,039 INFO  [SchemaUtils] Added default schema from file:/C:/Users/aafifi/.m2/repository/com/smartbear/soapui/soapui/5.2.1/soapui-5.2.1.jar!/com/eviware/soapui/resources/xsds/xmime200411.xsd with targetNamespace http://www.w3.org/2004/11/xmlmime
2019-03-06 09:00:53,042 INFO  [SchemaUtils] Added default schema from file:/C:/Users/aafifi/.m2/repository/com/smartbear/soapui/soapui/5.2.1/soapui-5.2.1.jar!/com/eviware/soapui/resources/xsds/soapEnvelope.xsd with targetNamespace http://schemas.xmlsoap.org/soap/envelope/
2019-03-06 09:00:53,044 INFO  [SchemaUtils] Added default schema from file:/C:/Users/aafifi/.m2/repository/com/smartbear/soapui/soapui/5.2.1/soapui-5.2.1.jar!/com/eviware/soapui/resources/xsds/soapEncoding.xsd with targetNamespace http://schemas.xmlsoap.org/soap/encoding/
2019-03-06 09:00:53,046 INFO  [SchemaUtils] Added default schema from file:/C:/Users/aafifi/.m2/repository/com/smartbear/soapui/soapui/5.2.1/soapui-5.2.1.jar!/com/eviware/soapui/resources/xsds/soapEnvelope12.xsd with targetNamespace http://www.w3.org/2003/05/soap-envelope
2019-03-06 09:00:53,050 INFO  [SchemaUtils] Added default schema from file:/C:/Users/aafifi/.m2/repository/com/smartbear/soapui/soapui/5.2.1/soapui-5.2.1.jar!/com/eviware/soapui/resources/xsds/soapEncoding12.xsd with targetNamespace http://www.w3.org/2003/05/soap-encoding
2019-03-06 09:00:53,053 INFO  [SchemaUtils] Loading schema types from [http://172.20.15.248:7005/ManageContractWS/OutsideContractInfoService?wsdl]
2019-03-06 09:00:53,054 INFO  [SchemaUtils] Getting schema http://172.20.15.248:7005/ManageContractWS/OutsideContractInfoService?wsdl
2019-03-06 09:00:53,061 INFO  [SchemaUtils] Getting schema http://172.20.15.248:7005/ManageContractWS/OutsideContractInfoService?xsd=1
2019-03-06 09:00:53,363 INFO  [SoapUITestCaseRunner] Assertion [SOAP Response] has status VALID
2019-03-06 09:00:53,363 INFO  [SoapUITestCaseRunner] Assertion [Not SOAP Fault] has status VALID
2019-03-06 09:00:53,367 INFO  [SoapUITestCaseRunner] Assertion [responseCode] has status VALID
2019-03-06 09:00:53,368 INFO  [SoapUITestCaseRunner] Assertion [XPath Match] has status VALID
2019-03-06 09:00:53,370 INFO  [SoapUITestCaseRunner] Finished running SoapUI testcase [contractImage], time taken: 11278ms, status: FINISHED
2019-03-06 09:00:53,370 INFO  [SoapUITestCaseRunner] Project [OutsideContractInfoService] finished with status [FINISHED] in 11306ms
