2019-03-04 09:50:05,487 ERROR [errorlog] org.apache.commons.ssl.ProbablyBadPasswordException: Probably bad JKS password: java.io.IOException: Keystore was tampered with, or password was incorrect
org.apache.commons.ssl.ProbablyBadPasswordException: Probably bad JKS password: java.io.IOException: Keystore was tampered with, or password was incorrect
	at org.apache.commons.ssl.KeyStoreBuilder.tryJKS(KeyStoreBuilder.java:515)
	at org.apache.commons.ssl.KeyStoreBuilder.parse(KeyStoreBuilder.java:374)
	at org.apache.commons.ssl.KeyStoreBuilder.build(KeyStoreBuilder.java:112)
	at org.apache.commons.ssl.KeyMaterial.<init>(KeyMaterial.java:179)
	at org.apache.commons.ssl.KeyMaterial.<init>(KeyMaterial.java:170)
	at org.apache.commons.ssl.KeyMaterial.<init>(KeyMaterial.java:160)
	at org.apache.commons.ssl.KeyMaterial.<init>(KeyMaterial.java:64)
	at org.apache.commons.ssl.KeyMaterial.<init>(KeyMaterial.java:114)
	at com.eviware.soapui.impl.wsdl.support.http.HttpClientSupport$Helper.initSocketFactory(HttpClientSupport.java:301)
	at com.eviware.soapui.impl.wsdl.support.http.HttpClientSupport$Helper.<init>(HttpClientSupport.java:200)
	at com.eviware.soapui.impl.wsdl.support.http.HttpClientSupport.<clinit>(HttpClientSupport.java:70)
	at com.eviware.soapui.DefaultSoapUICore.initSettings(DefaultSoapUICore.java:361)
	at com.eviware.soapui.DefaultSoapUICore.init(DefaultSoapUICore.java:129)
	at com.eviware.soapui.DefaultSoapUICore.<init>(DefaultSoapUICore.java:120)
	at com.eviware.soapui.tools.AbstractSoapUIRunner.createSoapUICore(AbstractSoapUIRunner.java:218)
	at com.eviware.soapui.tools.AbstractSoapUIRunner.run(AbstractSoapUIRunner.java:194)
	at com.eviware.soapui.maven2.TestMojo.execute(TestMojo.java:117)
	at org.apache.maven.plugin.DefaultBuildPluginManager.executeMojo(DefaultBuildPluginManager.java:137)
	at org.apache.maven.lifecycle.internal.MojoExecutor.execute(MojoExecutor.java:210)
	at org.apache.maven.lifecycle.internal.MojoExecutor.execute(MojoExecutor.java:156)
	at org.apache.maven.lifecycle.internal.MojoExecutor.execute(MojoExecutor.java:148)
	at org.apache.maven.lifecycle.internal.LifecycleModuleBuilder.buildProject(LifecycleModuleBuilder.java:117)
	at org.apache.maven.lifecycle.internal.LifecycleModuleBuilder.buildProject(LifecycleModuleBuilder.java:81)
	at org.apache.maven.lifecycle.internal.builder.singlethreaded.SingleThreadedBuilder.build(SingleThreadedBuilder.java:56)
	at org.apache.maven.lifecycle.internal.LifecycleStarter.execute(LifecycleStarter.java:128)
	at org.apache.maven.DefaultMaven.doExecute(DefaultMaven.java:305)
	at org.apache.maven.DefaultMaven.doExecute(DefaultMaven.java:192)
	at org.apache.maven.DefaultMaven.execute(DefaultMaven.java:105)
	at org.apache.maven.cli.MavenCli.execute(MavenCli.java:956)
	at org.apache.maven.cli.MavenCli.doMain(MavenCli.java:288)
	at org.apache.maven.cli.MavenCli.main(MavenCli.java:192)
	at sun.reflect.NativeMethodAccessorImpl.invoke0(Native Method)
	at sun.reflect.NativeMethodAccessorImpl.invoke(NativeMethodAccessorImpl.java:62)
	at sun.reflect.DelegatingMethodAccessorImpl.invoke(DelegatingMethodAccessorImpl.java:43)
	at java.lang.reflect.Method.invoke(Method.java:498)
	at org.codehaus.plexus.classworlds.launcher.Launcher.launchEnhanced(Launcher.java:289)
	at org.codehaus.plexus.classworlds.launcher.Launcher.launch(Launcher.java:229)
	at org.codehaus.plexus.classworlds.launcher.Launcher.mainWithExitCode(Launcher.java:415)
	at org.codehaus.plexus.classworlds.launcher.Launcher.main(Launcher.java:356)
2019-03-04 09:51:12,632 ERROR [errorlog] org.apache.commons.ssl.ProbablyBadPasswordException: Probably bad JKS password: java.io.IOException: Keystore was tampered with, or password was incorrect
org.apache.commons.ssl.ProbablyBadPasswordException: Probably bad JKS password: java.io.IOException: Keystore was tampered with, or password was incorrect
	at org.apache.commons.ssl.KeyStoreBuilder.tryJKS(KeyStoreBuilder.java:515)
	at org.apache.commons.ssl.KeyStoreBuilder.parse(KeyStoreBuilder.java:374)
	at org.apache.commons.ssl.KeyStoreBuilder.build(KeyStoreBuilder.java:112)
	at org.apache.commons.ssl.KeyMaterial.<init>(KeyMaterial.java:179)
	at org.apache.commons.ssl.KeyMaterial.<init>(KeyMaterial.java:170)
	at org.apache.commons.ssl.KeyMaterial.<init>(KeyMaterial.java:160)
	at org.apache.commons.ssl.KeyMaterial.<init>(KeyMaterial.java:64)
	at org.apache.commons.ssl.KeyMaterial.<init>(KeyMaterial.java:114)
	at com.eviware.soapui.impl.wsdl.support.http.HttpClientSupport$Helper.initSocketFactory(HttpClientSupport.java:301)
	at com.eviware.soapui.impl.wsdl.support.http.HttpClientSupport$Helper.<init>(HttpClientSupport.java:200)
	at com.eviware.soapui.impl.wsdl.support.http.HttpClientSupport.<clinit>(HttpClientSupport.java:70)
	at com.eviware.soapui.DefaultSoapUICore.initSettings(DefaultSoapUICore.java:361)
	at com.eviware.soapui.DefaultSoapUICore.init(DefaultSoapUICore.java:129)
	at com.eviware.soapui.DefaultSoapUICore.<init>(DefaultSoapUICore.java:120)
	at com.eviware.soapui.tools.AbstractSoapUIRunner.createSoapUICore(AbstractSoapUIRunner.java:218)
	at com.eviware.soapui.tools.AbstractSoapUIRunner.run(AbstractSoapUIRunner.java:194)
	at com.eviware.soapui.maven2.TestMojo.execute(TestMojo.java:117)
	at org.apache.maven.plugin.DefaultBuildPluginManager.executeMojo(DefaultBuildPluginManager.java:137)
	at org.apache.maven.lifecycle.internal.MojoExecutor.execute(MojoExecutor.java:210)
	at org.apache.maven.lifecycle.internal.MojoExecutor.execute(MojoExecutor.java:156)
	at org.apache.maven.lifecycle.internal.MojoExecutor.execute(MojoExecutor.java:148)
	at org.apache.maven.lifecycle.internal.LifecycleModuleBuilder.buildProject(LifecycleModuleBuilder.java:117)
	at org.apache.maven.lifecycle.internal.LifecycleModuleBuilder.buildProject(LifecycleModuleBuilder.java:81)
	at org.apache.maven.lifecycle.internal.builder.singlethreaded.SingleThreadedBuilder.build(SingleThreadedBuilder.java:56)
	at org.apache.maven.lifecycle.internal.LifecycleStarter.execute(LifecycleStarter.java:128)
	at org.apache.maven.DefaultMaven.doExecute(DefaultMaven.java:305)
	at org.apache.maven.DefaultMaven.doExecute(DefaultMaven.java:192)
	at org.apache.maven.DefaultMaven.execute(DefaultMaven.java:105)
	at org.apache.maven.cli.MavenCli.execute(MavenCli.java:956)
	at org.apache.maven.cli.MavenCli.doMain(MavenCli.java:288)
	at org.apache.maven.cli.MavenCli.main(MavenCli.java:192)
	at sun.reflect.NativeMethodAccessorImpl.invoke0(Native Method)
	at sun.reflect.NativeMethodAccessorImpl.invoke(NativeMethodAccessorImpl.java:62)
	at sun.reflect.DelegatingMethodAccessorImpl.invoke(DelegatingMethodAccessorImpl.java:43)
	at java.lang.reflect.Method.invoke(Method.java:498)
	at org.codehaus.plexus.classworlds.launcher.Launcher.launchEnhanced(Launcher.java:289)
	at org.codehaus.plexus.classworlds.launcher.Launcher.launch(Launcher.java:229)
	at org.codehaus.plexus.classworlds.launcher.Launcher.mainWithExitCode(Launcher.java:415)
	at org.codehaus.plexus.classworlds.launcher.Launcher.main(Launcher.java:356)
2019-03-04 09:56:01,012 ERROR [errorlog] org.apache.commons.ssl.ProbablyBadPasswordException: Probably bad JKS password: java.io.IOException: Keystore was tampered with, or password was incorrect
org.apache.commons.ssl.ProbablyBadPasswordException: Probably bad JKS password: java.io.IOException: Keystore was tampered with, or password was incorrect
	at org.apache.commons.ssl.KeyStoreBuilder.tryJKS(KeyStoreBuilder.java:515)
	at org.apache.commons.ssl.KeyStoreBuilder.parse(KeyStoreBuilder.java:374)
	at org.apache.commons.ssl.KeyStoreBuilder.build(KeyStoreBuilder.java:112)
	at org.apache.commons.ssl.KeyMaterial.<init>(KeyMaterial.java:179)
	at org.apache.commons.ssl.KeyMaterial.<init>(KeyMaterial.java:170)
	at org.apache.commons.ssl.KeyMaterial.<init>(KeyMaterial.java:160)
	at org.apache.commons.ssl.KeyMaterial.<init>(KeyMaterial.java:64)
	at org.apache.commons.ssl.KeyMaterial.<init>(KeyMaterial.java:114)
	at com.eviware.soapui.impl.wsdl.support.http.HttpClientSupport$Helper.initSocketFactory(HttpClientSupport.java:301)
	at com.eviware.soapui.impl.wsdl.support.http.HttpClientSupport$Helper.<init>(HttpClientSupport.java:200)
	at com.eviware.soapui.impl.wsdl.support.http.HttpClientSupport.<clinit>(HttpClientSupport.java:70)
	at com.eviware.soapui.DefaultSoapUICore.initSettings(DefaultSoapUICore.java:361)
	at com.eviware.soapui.DefaultSoapUICore.init(DefaultSoapUICore.java:129)
	at com.eviware.soapui.DefaultSoapUICore.<init>(DefaultSoapUICore.java:120)
	at com.eviware.soapui.tools.AbstractSoapUIRunner.createSoapUICore(AbstractSoapUIRunner.java:218)
	at com.eviware.soapui.tools.AbstractSoapUIRunner.run(AbstractSoapUIRunner.java:194)
	at com.eviware.soapui.maven2.TestMojo.execute(TestMojo.java:117)
	at org.apache.maven.plugin.DefaultBuildPluginManager.executeMojo(DefaultBuildPluginManager.java:137)
	at org.apache.maven.lifecycle.internal.MojoExecutor.execute(MojoExecutor.java:210)
	at org.apache.maven.lifecycle.internal.MojoExecutor.execute(MojoExecutor.java:156)
	at org.apache.maven.lifecycle.internal.MojoExecutor.execute(MojoExecutor.java:148)
	at org.apache.maven.lifecycle.internal.LifecycleModuleBuilder.buildProject(LifecycleModuleBuilder.java:117)
	at org.apache.maven.lifecycle.internal.LifecycleModuleBuilder.buildProject(LifecycleModuleBuilder.java:81)
	at org.apache.maven.lifecycle.internal.builder.singlethreaded.SingleThreadedBuilder.build(SingleThreadedBuilder.java:56)
	at org.apache.maven.lifecycle.internal.LifecycleStarter.execute(LifecycleStarter.java:128)
	at org.apache.maven.DefaultMaven.doExecute(DefaultMaven.java:305)
	at org.apache.maven.DefaultMaven.doExecute(DefaultMaven.java:192)
	at org.apache.maven.DefaultMaven.execute(DefaultMaven.java:105)
	at org.apache.maven.cli.MavenCli.execute(MavenCli.java:956)
	at org.apache.maven.cli.MavenCli.doMain(MavenCli.java:288)
	at org.apache.maven.cli.MavenCli.main(MavenCli.java:192)
	at sun.reflect.NativeMethodAccessorImpl.invoke0(Native Method)
	at sun.reflect.NativeMethodAccessorImpl.invoke(NativeMethodAccessorImpl.java:62)
	at sun.reflect.DelegatingMethodAccessorImpl.invoke(DelegatingMethodAccessorImpl.java:43)
	at java.lang.reflect.Method.invoke(Method.java:498)
	at org.codehaus.plexus.classworlds.launcher.Launcher.launchEnhanced(Launcher.java:289)
	at org.codehaus.plexus.classworlds.launcher.Launcher.launch(Launcher.java:229)
	at org.codehaus.plexus.classworlds.launcher.Launcher.mainWithExitCode(Launcher.java:415)
	at org.codehaus.plexus.classworlds.launcher.Launcher.main(Launcher.java:356)
